{"G:\\Namaste_React\\src\\components\\Body.js": {"path":"G:\\Namaste_React\\src\\components\\Body.js","statementMap":{"0":{"start":{"line":6,"column":13},"end":{"line":97,"column":1}},"1":{"start":{"line":7,"column":52},"end":{"line":7,"column":64}},"2":{"start":{"line":8,"column":38},"end":{"line":8,"column":50}},"3":{"start":{"line":9,"column":54},"end":{"line":9,"column":66}},"4":{"start":{"line":10,"column":23},"end":{"line":10,"column":40}},"5":{"start":{"line":11,"column":2},"end":{"line":11,"column":41}},"6":{"start":{"line":13,"column":31},"end":{"line":13,"column":60}},"7":{"start":{"line":14,"column":2},"end":{"line":16,"column":9}},"8":{"start":{"line":15,"column":4},"end":{"line":15,"column":16}},"9":{"start":{"line":18,"column":20},"end":{"line":31,"column":3}},"10":{"start":{"line":19,"column":17},"end":{"line":21,"column":5}},"11":{"start":{"line":22,"column":17},"end":{"line":22,"column":34}},"12":{"start":{"line":24,"column":4},"end":{"line":24,"column":22}},"13":{"start":{"line":25,"column":4},"end":{"line":27,"column":6}},"14":{"start":{"line":28,"column":4},"end":{"line":30,"column":6}},"15":{"start":{"line":32,"column":2},"end":{"line":34,"column":3}},"16":{"start":{"line":33,"column":4},"end":{"line":33,"column":23}},"17":{"start":{"line":35,"column":2},"end":{"line":38,"column":6}},"18":{"start":{"line":36,"column":4},"end":{"line":38,"column":6}},"19":{"start":{"line":40,"column":2},"end":{"line":96,"column":4}},"20":{"start":{"line":52,"column":14},"end":{"line":52,"column":44}},"21":{"start":{"line":58,"column":42},"end":{"line":60,"column":15}},"22":{"start":{"line":59,"column":16},"end":{"line":59,"column":78}},"23":{"start":{"line":61,"column":14},"end":{"line":61,"column":57}},"24":{"start":{"line":71,"column":35},"end":{"line":73,"column":15}},"25":{"start":{"line":72,"column":25},"end":{"line":72,"column":47}},"26":{"start":{"line":74,"column":14},"end":{"line":74,"column":49}},"27":{"start":{"line":83,"column":10},"end":{"line":92,"column":17}}},"fnMap":{"0":{"name":"(anonymous_0)","decl":{"start":{"line":6,"column":13},"end":{"line":6,"column":14}},"loc":{"start":{"line":6,"column":19},"end":{"line":97,"column":1}},"line":6},"1":{"name":"(anonymous_1)","decl":{"start":{"line":14,"column":12},"end":{"line":14,"column":13}},"loc":{"start":{"line":14,"column":18},"end":{"line":16,"column":3}},"line":14},"2":{"name":"(anonymous_2)","decl":{"start":{"line":18,"column":20},"end":{"line":18,"column":21}},"loc":{"start":{"line":18,"column":32},"end":{"line":31,"column":3}},"line":18},"3":{"name":"(anonymous_3)","decl":{"start":{"line":51,"column":22},"end":{"line":51,"column":23}},"loc":{"start":{"line":51,"column":29},"end":{"line":53,"column":13}},"line":51},"4":{"name":"(anonymous_4)","decl":{"start":{"line":57,"column":21},"end":{"line":57,"column":22}},"loc":{"start":{"line":57,"column":27},"end":{"line":62,"column":13}},"line":57},"5":{"name":"(anonymous_5)","decl":{"start":{"line":58,"column":67},"end":{"line":58,"column":68}},"loc":{"start":{"line":59,"column":16},"end":{"line":59,"column":78}},"line":59},"6":{"name":"(anonymous_6)","decl":{"start":{"line":70,"column":21},"end":{"line":70,"column":22}},"loc":{"start":{"line":70,"column":27},"end":{"line":75,"column":13}},"line":70},"7":{"name":"(anonymous_7)","decl":{"start":{"line":72,"column":16},"end":{"line":72,"column":17}},"loc":{"start":{"line":72,"column":25},"end":{"line":72,"column":47}},"line":72},"8":{"name":"(anonymous_8)","decl":{"start":{"line":82,"column":32},"end":{"line":82,"column":33}},"loc":{"start":{"line":83,"column":10},"end":{"line":92,"column":17}},"line":83}},"branchMap":{"0":{"loc":{"start":{"line":32,"column":2},"end":{"line":34,"column":3}},"type":"if","locations":[{"start":{"line":32,"column":2},"end":{"line":34,"column":3}},{"start":{},"end":{}}],"line":32},"1":{"loc":{"start":{"line":35,"column":2},"end":{"line":38,"column":6}},"type":"if","locations":[{"start":{"line":35,"column":2},"end":{"line":38,"column":6}},{"start":{},"end":{}}],"line":35},"2":{"loc":{"start":{"line":40,"column":9},"end":{"line":96,"column":3}},"type":"cond-expr","locations":[{"start":{"line":41,"column":4},"end":{"line":41,"column":15}},{"start":{"line":43,"column":4},"end":{"line":95,"column":10}}],"line":40},"3":{"loc":{"start":{"line":87,"column":13},"end":{"line":91,"column":13}},"type":"cond-expr","locations":[{"start":{"line":88,"column":14},"end":{"line":88,"column":65}},{"start":{"line":90,"column":14},"end":{"line":90,"column":59}}],"line":87}},"s":{"0":1,"1":4,"2":4,"3":4,"4":4,"5":4,"6":4,"7":4,"8":1,"9":4,"10":1,"11":1,"12":1,"13":1,"14":1,"15":4,"16":1,"17":3,"18":0,"19":3,"20":1,"21":1,"22":9,"23":1,"24":0,"25":0,"26":0,"27":18},"f":{"0":4,"1":1,"2":1,"3":1,"4":1,"5":9,"6":0,"7":0,"8":18},"b":{"0":[1,3],"1":[0,3],"2":[0,3],"3":[18,0]},"_coverageSchema":"1a1c01bbd47fc00a2c39e90264f33305004495a9","hash":"4ad5383783e5c8bdf3165e672aff7d5a4c8eea94"}
,"G:\\Namaste_React\\src\\components\\Contact.js": {"path":"G:\\Namaste_React\\src\\components\\Contact.js","statementMap":{"0":{"start":{"line":1,"column":16},"end":{"line":20,"column":1}},"1":{"start":{"line":2,"column":2},"end":{"line":19,"column":4}}},"fnMap":{"0":{"name":"(anonymous_0)","decl":{"start":{"line":1,"column":16},"end":{"line":1,"column":17}},"loc":{"start":{"line":1,"column":22},"end":{"line":20,"column":1}},"line":1}},"branchMap":{},"s":{"0":1,"1":4},"f":{"0":4},"b":{},"_coverageSchema":"1a1c01bbd47fc00a2c39e90264f33305004495a9","hash":"f2e0ef9f78d83ec20b850dfde36ffa15b3d29a29"}
,"G:\\Namaste_React\\src\\components\\Header.js": {"path":"G:\\Namaste_React\\src\\components\\Header.js","statementMap":{"0":{"start":{"line":6,"column":15},"end":{"line":50,"column":1}},"1":{"start":{"line":7,"column":42},"end":{"line":7,"column":59}},"2":{"start":{"line":8,"column":27},"end":{"line":8,"column":50}},"3":{"start":{"line":11,"column":20},"end":{"line":11,"column":60}},"4":{"start":{"line":11,"column":43},"end":{"line":11,"column":59}},"5":{"start":{"line":13,"column":2},"end":{"line":49,"column":4}},"6":{"start":{"line":38,"column":14},"end":{"line":40,"column":43}}},"fnMap":{"0":{"name":"(anonymous_0)","decl":{"start":{"line":6,"column":15},"end":{"line":6,"column":16}},"loc":{"start":{"line":6,"column":21},"end":{"line":50,"column":1}},"line":6},"1":{"name":"(anonymous_1)","decl":{"start":{"line":11,"column":32},"end":{"line":11,"column":33}},"loc":{"start":{"line":11,"column":43},"end":{"line":11,"column":59}},"line":11},"2":{"name":"(anonymous_2)","decl":{"start":{"line":37,"column":21},"end":{"line":37,"column":22}},"loc":{"start":{"line":37,"column":27},"end":{"line":41,"column":13}},"line":37}},"branchMap":{"0":{"loc":{"start":{"line":38,"column":14},"end":{"line":40,"column":42}},"type":"cond-expr","locations":[{"start":{"line":39,"column":18},"end":{"line":39,"column":43}},{"start":{"line":40,"column":18},"end":{"line":40,"column":42}}],"line":38}},"s":{"0":1,"1":3,"2":3,"3":3,"4":5,"5":3,"6":1},"f":{"0":3,"1":5,"2":1},"b":{"0":[1,0]},"_coverageSchema":"1a1c01bbd47fc00a2c39e90264f33305004495a9","hash":"cdbbe18c4617d68b2dce6504de6735ff5e4897dd"}
,"G:\\Namaste_React\\src\\components\\RestaurantCard.js": {"path":"G:\\Namaste_React\\src\\components\\RestaurantCard.js","statementMap":{"0":{"start":{"line":2,"column":23},"end":{"line":29,"column":1}},"1":{"start":{"line":3,"column":22},"end":{"line":3,"column":27}},"2":{"start":{"line":11,"column":6},"end":{"line":11,"column":13}},"3":{"start":{"line":12,"column":2},"end":{"line":28,"column":4}},"4":{"start":{"line":31,"column":29},"end":{"line":42,"column":1}},"5":{"start":{"line":32,"column":2},"end":{"line":41,"column":4}},"6":{"start":{"line":33,"column":4},"end":{"line":40,"column":6}}},"fnMap":{"0":{"name":"(anonymous_0)","decl":{"start":{"line":2,"column":23},"end":{"line":2,"column":24}},"loc":{"start":{"line":2,"column":34},"end":{"line":29,"column":1}},"line":2},"1":{"name":"(anonymous_1)","decl":{"start":{"line":31,"column":29},"end":{"line":31,"column":30}},"loc":{"start":{"line":31,"column":49},"end":{"line":42,"column":1}},"line":31},"2":{"name":"(anonymous_2)","decl":{"start":{"line":32,"column":9},"end":{"line":32,"column":10}},"loc":{"start":{"line":32,"column":20},"end":{"line":41,"column":3}},"line":32}},"branchMap":{},"s":{"0":2,"1":19,"2":19,"3":19,"4":2,"5":4,"6":18},"f":{"0":19,"1":4,"2":18},"b":{},"_coverageSchema":"1a1c01bbd47fc00a2c39e90264f33305004495a9","hash":"591eb1c5b5d720bd4ed126daac20f3c79a477ecd"}
,"G:\\Namaste_React\\src\\components\\Shimmer.js": {"path":"G:\\Namaste_React\\src\\components\\Shimmer.js","statementMap":{"0":{"start":{"line":1,"column":14},"end":{"line":17,"column":1}},"1":{"start":{"line":2,"column":4},"end":{"line":15,"column":22}}},"fnMap":{"0":{"name":"(anonymous_0)","decl":{"start":{"line":1,"column":14},"end":{"line":1,"column":15}},"loc":{"start":{"line":1,"column":18},"end":{"line":17,"column":1}},"line":1}},"branchMap":{},"s":{"0":1,"1":1},"f":{"0":1},"b":{},"_coverageSchema":"1a1c01bbd47fc00a2c39e90264f33305004495a9","hash":"c8eb5bd275f3fd78a47df3ac689281e3533cc3de"}
,"G:\\Namaste_React\\src\\components\\sum.js": {"path":"G:\\Namaste_React\\src\\components\\sum.js","statementMap":{"0":{"start":{"line":1,"column":17},"end":{"line":3,"column":1}},"1":{"start":{"line":2,"column":2},"end":{"line":2,"column":13}}},"fnMap":{"0":{"name":"(anonymous_0)","decl":{"start":{"line":1,"column":17},"end":{"line":1,"column":18}},"loc":{"start":{"line":1,"column":24},"end":{"line":3,"column":1}},"line":1}},"branchMap":{},"s":{"0":1,"1":1},"f":{"0":1},"b":{},"_coverageSchema":"1a1c01bbd47fc00a2c39e90264f33305004495a9","hash":"4381df3eb106237b3b774666742803acd328409a"}
,"G:\\Namaste_React\\src\\utils\\UserContext.js": {"path":"G:\\Namaste_React\\src\\utils\\UserContext.js","statementMap":{"0":{"start":{"line":3,"column":18},"end":{"line":5,"column":2}}},"fnMap":{},"branchMap":{},"s":{"0":1},"f":{},"b":{},"_coverageSchema":"1a1c01bbd47fc00a2c39e90264f33305004495a9","hash":"dfa5a59aed2da6fb3a0c45996165ebdb324c020f"}
,"G:\\Namaste_React\\src\\utils\\appStore.js": {"path":"G:\\Namaste_React\\src\\utils\\appStore.js","statementMap":{"0":{"start":{"line":4,"column":17},"end":{"line":8,"column":2}}},"fnMap":{},"branchMap":{},"s":{"0":1},"f":{},"b":{},"_coverageSchema":"1a1c01bbd47fc00a2c39e90264f33305004495a9","hash":"980025e9d3970b8bbc1b678633e7841f92120594"}
,"G:\\Namaste_React\\src\\utils\\cartSlice.js": {"path":"G:\\Namaste_React\\src\\utils\\cartSlice.js","statementMap":{"0":{"start":{"line":4,"column":18},"end":{"line":20,"column":2}},"1":{"start":{"line":11,"column":6},"end":{"line":11,"column":39}},"2":{"start":{"line":14,"column":6},"end":{"line":14,"column":24}},"3":{"start":{"line":17,"column":6},"end":{"line":17,"column":29}},"4":{"start":{"line":21,"column":50},"end":{"line":21,"column":67}}},"fnMap":{"0":{"name":"(anonymous_0)","decl":{"start":{"line":10,"column":13},"end":{"line":10,"column":14}},"loc":{"start":{"line":10,"column":32},"end":{"line":12,"column":5}},"line":10},"1":{"name":"(anonymous_1)","decl":{"start":{"line":13,"column":16},"end":{"line":13,"column":17}},"loc":{"start":{"line":13,"column":27},"end":{"line":15,"column":5}},"line":13},"2":{"name":"(anonymous_2)","decl":{"start":{"line":16,"column":15},"end":{"line":16,"column":16}},"loc":{"start":{"line":16,"column":26},"end":{"line":18,"column":5}},"line":16}},"branchMap":{},"s":{"0":1,"1":0,"2":0,"3":0,"4":1},"f":{"0":0,"1":0,"2":0},"b":{},"_coverageSchema":"1a1c01bbd47fc00a2c39e90264f33305004495a9","hash":"fd70c72123b5a0261087445baf76b7ec231a4f47"}
,"G:\\Namaste_React\\src\\utils\\constants.js": {"path":"G:\\Namaste_React\\src\\utils\\constants.js","statementMap":{"0":{"start":{"line":2,"column":2},"end":{"line":2,"column":93}},"1":{"start":{"line":5,"column":2},"end":{"line":5,"column":74}},"2":{"start":{"line":7,"column":23},"end":{"line":7,"column":146}}},"fnMap":{},"branchMap":{},"s":{"0":3,"1":3,"2":3},"f":{},"b":{},"_coverageSchema":"1a1c01bbd47fc00a2c39e90264f33305004495a9","hash":"17f9ff1db903eb1cfc120bd40046a9a79e247218"}
,"G:\\Namaste_React\\src\\utils\\useOnlineStatus.js": {"path":"G:\\Namaste_React\\src\\utils\\useOnlineStatus.js","statementMap":{"0":{"start":{"line":3,"column":22},"end":{"line":16,"column":1}},"1":{"start":{"line":4,"column":41},"end":{"line":4,"column":55}},"2":{"start":{"line":6,"column":4},"end":{"line":13,"column":10}},"3":{"start":{"line":7,"column":8},"end":{"line":9,"column":11}},"4":{"start":{"line":8,"column":12},"end":{"line":8,"column":35}},"5":{"start":{"line":10,"column":8},"end":{"line":12,"column":11}},"6":{"start":{"line":11,"column":12},"end":{"line":11,"column":34}},"7":{"start":{"line":15,"column":4},"end":{"line":15,"column":24}}},"fnMap":{"0":{"name":"(anonymous_0)","decl":{"start":{"line":3,"column":22},"end":{"line":3,"column":23}},"loc":{"start":{"line":3,"column":26},"end":{"line":16,"column":1}},"line":3},"1":{"name":"(anonymous_1)","decl":{"start":{"line":6,"column":14},"end":{"line":6,"column":15}},"loc":{"start":{"line":6,"column":18},"end":{"line":13,"column":5}},"line":6},"2":{"name":"(anonymous_2)","decl":{"start":{"line":7,"column":42},"end":{"line":7,"column":43}},"loc":{"start":{"line":7,"column":46},"end":{"line":9,"column":9}},"line":7},"3":{"name":"(anonymous_3)","decl":{"start":{"line":10,"column":41},"end":{"line":10,"column":42}},"loc":{"start":{"line":10,"column":45},"end":{"line":12,"column":9}},"line":10}},"branchMap":{},"s":{"0":1,"1":4,"2":4,"3":1,"4":0,"5":1,"6":0,"7":4},"f":{"0":4,"1":1,"2":0,"3":0},"b":{},"_coverageSchema":"1a1c01bbd47fc00a2c39e90264f33305004495a9","hash":"5f6d1ac2f5c6c1bd9c578f9e56ea260605e8e8eb"}
}
