TN:
SF:src\components\Body.js
FN:6,(anonymous_0)
FN:14,(anonymous_1)
FN:18,(anonymous_2)
FN:51,(anonymous_3)
FN:57,(anonymous_4)
FN:58,(anonymous_5)
FN:70,(anonymous_6)
FN:72,(anonymous_7)
FN:82,(anonymous_8)
FNF:9
FNH:7
FNDA:4,(anonymous_0)
FNDA:1,(anonymous_1)
FNDA:1,(anonymous_2)
FNDA:1,(anonymous_3)
FNDA:1,(anonymous_4)
FNDA:9,(anonymous_5)
FNDA:0,(anonymous_6)
FNDA:0,(anonymous_7)
FNDA:18,(anonymous_8)
DA:6,1
DA:7,4
DA:8,4
DA:9,4
DA:10,4
DA:11,4
DA:13,4
DA:14,4
DA:15,1
DA:18,4
DA:19,1
DA:22,1
DA:24,1
DA:25,1
DA:28,1
DA:32,4
DA:33,1
DA:35,3
DA:36,0
DA:40,3
DA:52,1
DA:58,1
DA:59,9
DA:61,1
DA:71,0
DA:72,0
DA:74,0
DA:83,18
LF:28
LH:24
BRDA:32,0,0,1
BRDA:32,0,1,3
BRDA:35,1,0,0
BRDA:35,1,1,3
BRDA:40,2,0,0
BRDA:40,2,1,3
BRDA:87,3,0,18
BRDA:87,3,1,0
BRF:8
BRH:5
end_of_record
TN:
SF:src\components\Contact.js
FN:1,(anonymous_0)
FNF:1
FNH:1
FNDA:4,(anonymous_0)
DA:1,1
DA:2,4
LF:2
LH:2
BRF:0
BRH:0
end_of_record
TN:
SF:src\components\Header.js
FN:6,(anonymous_0)
FN:11,(anonymous_1)
FN:37,(anonymous_2)
FNF:3
FNH:3
FNDA:3,(anonymous_0)
FNDA:5,(anonymous_1)
FNDA:1,(anonymous_2)
DA:6,1
DA:7,3
DA:8,3
DA:11,5
DA:13,3
DA:38,1
LF:6
LH:6
BRDA:38,0,0,1
BRDA:38,0,1,0
BRF:2
BRH:1
end_of_record
TN:
SF:src\components\RestaurantCard.js
FN:2,(anonymous_0)
FN:31,(anonymous_1)
FN:32,(anonymous_2)
FNF:3
FNH:3
FNDA:19,(anonymous_0)
FNDA:4,(anonymous_1)
FNDA:18,(anonymous_2)
DA:2,2
DA:3,19
DA:11,19
DA:12,19
DA:31,2
DA:32,4
DA:33,18
LF:7
LH:7
BRF:0
BRH:0
end_of_record
TN:
SF:src\components\Shimmer.js
FN:1,(anonymous_0)
FNF:1
FNH:1
FNDA:1,(anonymous_0)
DA:1,1
DA:2,1
LF:2
LH:2
BRF:0
BRH:0
end_of_record
TN:
SF:src\components\sum.js
FN:1,(anonymous_0)
FNF:1
FNH:1
FNDA:1,(anonymous_0)
DA:1,1
DA:2,1
LF:2
LH:2
BRF:0
BRH:0
end_of_record
TN:
SF:src\utils\UserContext.js
FNF:0
FNH:0
DA:3,1
LF:1
LH:1
BRF:0
BRH:0
end_of_record
TN:
SF:src\utils\appStore.js
FNF:0
FNH:0
DA:4,1
LF:1
LH:1
BRF:0
BRH:0
end_of_record
TN:
SF:src\utils\cartSlice.js
FN:10,(anonymous_0)
FN:13,(anonymous_1)
FN:16,(anonymous_2)
FNF:3
FNH:0
FNDA:0,(anonymous_0)
FNDA:0,(anonymous_1)
FNDA:0,(anonymous_2)
DA:4,1
DA:11,0
DA:14,0
DA:17,0
DA:21,1
LF:5
LH:2
BRF:0
BRH:0
end_of_record
TN:
SF:src\utils\constants.js
FNF:0
FNH:0
DA:2,3
DA:5,3
DA:7,3
LF:3
LH:3
BRF:0
BRH:0
end_of_record
TN:
SF:src\utils\useOnlineStatus.js
FN:3,(anonymous_0)
FN:6,(anonymous_1)
FN:7,(anonymous_2)
FN:10,(anonymous_3)
FNF:4
FNH:2
FNDA:4,(anonymous_0)
FNDA:1,(anonymous_1)
FNDA:0,(anonymous_2)
FNDA:0,(anonymous_3)
DA:3,1
DA:4,4
DA:6,4
DA:7,1
DA:8,0
DA:10,1
DA:11,0
DA:15,4
LF:8
LH:6
BRF:0
BRH:0
end_of_record
